<?xml version='1.0' encoding='utf-8'?>
<!DOCTYPE hibernate-configuration PUBLIC
        "-//Hibernate/Hibernate Configuration DTD 3.0//EN"
        "http://www.hibernate.org/dtd/hibernate-configuration-3.0.dtd">

<hibernate-configuration>

    <session-factory>

        <!-- Database connection settings -->
        <property name="hibernate.connection.driver_class">org.postgresql.Driver</property>
        <property name="hibernate.connection.url">jdbc:postgresql://localhost/actl</property>
        <property name="hibernate.connection.username">actl</property>
        <property name="hibernate.connection.password">actl</property>
        <property name="hibernate.c3p0.min_size">5</property>
        <property name="hibernate.c3p0.max_size">20</property>
        <property name="hibernate.c3p0.timeout">1800</property>
        <property name="hibernate.c3p0.max_statements">50</property>
        <property name="hibernate.dialect">org.hibernate.dialect.PostgreSQL82Dialect</property>
        
        <property name="transaction.factory_class">org.hibernate.transaction.JDBCTransactionFactory</property>

        <!-- SQL dialect -->
        <property name="dialect">org.hibernate.dialect.PostgreSQL82Dialect</property>

        <!-- Enable Hibernate's automatic session context management -->
        <property name="hibernate.current_session_context_class">thread</property>

        <!-- Disable the second-level cache  -->
        <property name="cache.provider_class">org.hibernate.cache.internal.NoCacheProvider</property>

        <!-- Echo all executed SQL to stdout -->
        <property name="show_sql">true</property>

		<!-- Entities mappings -->
        <mapping class="it.dariofabbri.accesscontrol.model.security.User" />
        <mapping class="it.dariofabbri.accesscontrol.model.security.Role" />
        <mapping class="it.dariofabbri.accesscontrol.model.security.Permission" />
        
        <mapping class="it.dariofabbri.accesscontrol.model.contact.Contact" />

		<mapping class="it.dariofabbri.accesscontrol.model.accesscontrol.Accesso" />
		<mapping class="it.dariofabbri.accesscontrol.model.accesscontrol.Postazione" />
		<mapping class="it.dariofabbri.accesscontrol.model.accesscontrol.StatoAccesso" />
		<mapping class="it.dariofabbri.accesscontrol.model.accesscontrol.TipoDocumento" />
		<mapping class="it.dariofabbri.accesscontrol.model.accesscontrol.Visitatore" />

    </session-factory>

</hibernate-configuration>
